<?xml version="1.0" encoding="UTF-8"?>
<coverage generated="1754519323315" clover="3.2.0">
  <project timestamp="1754519323315" name="All files">
    <metrics statements="42" coveredstatements="39" conditionals="17" coveredconditionals="8" methods="12" coveredmethods="12" elements="71" coveredelements="59" complexity="0" loc="42" ncloc="42" packages="4" files="7" classes="7"/>
    <package name="components">
      <metrics statements="19" coveredstatements="16" conditionals="15" coveredconditionals="7" methods="7" coveredmethods="7"/>
      <file name="Button.tsx" path="/home/marcos/Desktop/arquitectura-hexagonal/invest-alerts-reactive-frontend/src/components/Button.tsx">
        <metrics statements="1" coveredstatements="1" conditionals="1" coveredconditionals="1" methods="1" coveredmethods="1"/>
        <line num="8" count="2" type="stmt"/>
      </file>
      <file name="ErrorBoundary.tsx" path="/home/marcos/Desktop/arquitectura-hexagonal/invest-alerts-reactive-frontend/src/components/ErrorBoundary.tsx">
        <metrics statements="6" coveredstatements="6" conditionals="2" coveredconditionals="2" methods="3" coveredmethods="3"/>
        <line num="12" count="2" type="stmt"/>
        <line num="17" count="2" type="stmt"/>
        <line num="21" count="1" type="stmt"/>
        <line num="25" count="4" type="cond" truecount="2" falsecount="0"/>
        <line num="26" count="2" type="stmt"/>
        <line num="29" count="2" type="stmt"/>
      </file>
      <file name="LanguageSwitcher.tsx" path="/home/marcos/Desktop/arquitectura-hexagonal/invest-alerts-reactive-frontend/src/components/LanguageSwitcher.tsx">
        <metrics statements="5" coveredstatements="5" conditionals="4" coveredconditionals="3" methods="2" coveredmethods="2"/>
        <line num="4" count="4" type="stmt"/>
        <line num="6" count="4" type="stmt"/>
        <line num="7" count="1" type="cond" truecount="1" falsecount="1"/>
        <line num="8" count="1" type="stmt"/>
        <line num="11" count="4" type="stmt"/>
      </file>
      <file name="PriceViewer.tsx" path="/home/marcos/Desktop/arquitectura-hexagonal/invest-alerts-reactive-frontend/src/components/PriceViewer.tsx">
        <metrics statements="7" coveredstatements="4" conditionals="8" coveredconditionals="1" methods="1" coveredmethods="1"/>
        <line num="9" count="1" type="stmt"/>
        <line num="10" count="1" type="stmt"/>
        <line num="11" count="1" type="stmt"/>
        <line num="13" count="1" type="cond" truecount="1" falsecount="1"/>
        <line num="14" count="0" type="cond" truecount="0" falsecount="2"/>
        <line num="15" count="0" type="cond" truecount="0" falsecount="2"/>
        <line num="17" count="0" type="stmt"/>
      </file>
    </package>
    <package name="hooks">
      <metrics statements="20" coveredstatements="20" conditionals="2" coveredconditionals="1" methods="4" coveredmethods="4"/>
      <file name="useAssetPrice.ts" path="/home/marcos/Desktop/arquitectura-hexagonal/invest-alerts-reactive-frontend/src/hooks/useAssetPrice.ts">
        <metrics statements="20" coveredstatements="20" conditionals="2" coveredconditionals="1" methods="4" coveredmethods="4"/>
        <line num="11" count="1" type="stmt"/>
        <line num="12" count="4" type="stmt"/>
        <line num="13" count="4" type="stmt"/>
        <line num="14" count="4" type="stmt"/>
        <line num="16" count="4" type="stmt"/>
        <line num="17" count="2" type="stmt"/>
        <line num="18" count="2" type="stmt"/>
        <line num="19" count="2" type="stmt"/>
        <line num="20" count="2" type="stmt"/>
        <line num="22" count="2" type="stmt"/>
        <line num="23" count="1" type="stmt"/>
        <line num="25" count="1" type="stmt"/>
        <line num="26" count="1" type="stmt"/>
        <line num="28" count="1" type="cond" truecount="1" falsecount="1"/>
        <line num="31" count="1" type="stmt"/>
        <line num="37" count="2" type="stmt"/>
        <line num="41" count="2" type="stmt"/>
        <line num="42" count="2" type="stmt"/>
        <line num="43" count="2" type="stmt"/>
        <line num="46" count="4" type="stmt"/>
      </file>
    </package>
    <package name="pages">
      <metrics statements="2" coveredstatements="2" conditionals="0" coveredconditionals="0" methods="1" coveredmethods="1"/>
      <file name="ErrorPage.tsx" path="/home/marcos/Desktop/arquitectura-hexagonal/invest-alerts-reactive-frontend/src/pages/ErrorPage.tsx">
        <metrics statements="2" coveredstatements="2" conditionals="0" coveredconditionals="0" methods="1" coveredmethods="1"/>
        <line num="3" count="1" type="stmt"/>
        <line num="4" count="1" type="stmt"/>
      </file>
    </package>
    <package name="test">
      <metrics statements="1" coveredstatements="1" conditionals="0" coveredconditionals="0" methods="0" coveredmethods="0"/>
      <file name="i18nForTests.ts" path="/home/marcos/Desktop/arquitectura-hexagonal/invest-alerts-reactive-frontend/src/test/i18nForTests.ts">
        <metrics statements="1" coveredstatements="1" conditionals="0" coveredconditionals="0" methods="0" coveredmethods="0"/>
        <line num="5" count="2" type="stmt"/>
      </file>
    </package>
  </project>
</coverage>
