{"/home/marcos/Desktop/arquitectura-hexagonal/invest-alerts-reactive-frontend/src/components/Button.tsx": {"path":"/home/marcos/Desktop/arquitectura-hexagonal/invest-alerts-reactive-frontend/src/components/Button.tsx","statementMap":{"0":{"start":{"line":8,"column":2},"end":{"line":15,"column":4}}},"fnMap":{"0":{"name":"Button","decl":{"start":{"line":7,"column":24},"end":{"line":7,"column":30}},"loc":{"start":{"line":7,"column":74},"end":{"line":16,"column":1}},"line":7}},"branchMap":{"0":{"loc":{"start":{"line":7,"column":40},"end":{"line":7,"column":54}},"type":"default-arg","locations":[{"start":{"line":7,"column":52},"end":{"line":7,"column":54}}],"line":7}},"s":{"0":2},"f":{"0":2},"b":{"0":[2]},"_coverageSchema":"1a1c01bbd47fc00a2c39e90264f33305004495a9","hash":"551b4b597c368240f28e4227f5e50841828627a0"}
,"/home/marcos/Desktop/arquitectura-hexagonal/invest-alerts-reactive-frontend/src/components/ErrorBoundary.tsx": {"path":"/home/marcos/Desktop/arquitectura-hexagonal/invest-alerts-reactive-frontend/src/components/ErrorBoundary.tsx","statementMap":{"0":{"start":{"line":12,"column":24},"end":{"line":14,"column":3}},"1":{"start":{"line":17,"column":4},"end":{"line":17,"column":30}},"2":{"start":{"line":21,"column":4},"end":{"line":21,"column":55}},"3":{"start":{"line":25,"column":4},"end":{"line":27,"column":5}},"4":{"start":{"line":26,"column":6},"end":{"line":26,"column":50}},"5":{"start":{"line":29,"column":4},"end":{"line":29,"column":31}}},"fnMap":{"0":{"name":"(anonymous_0)","decl":{"start":{"line":16,"column":2},"end":{"line":16,"column":3}},"loc":{"start":{"line":16,"column":50},"end":{"line":18,"column":3}},"line":16},"1":{"name":"(anonymous_1)","decl":{"start":{"line":20,"column":2},"end":{"line":20,"column":3}},"loc":{"start":{"line":20,"column":63},"end":{"line":22,"column":3}},"line":20},"2":{"name":"(anonymous_2)","decl":{"start":{"line":24,"column":2},"end":{"line":24,"column":3}},"loc":{"start":{"line":24,"column":18},"end":{"line":30,"column":3}},"line":24}},"branchMap":{"0":{"loc":{"start":{"line":25,"column":4},"end":{"line":27,"column":5}},"type":"if","locations":[{"start":{"line":25,"column":4},"end":{"line":27,"column":5}},{"start":{},"end":{}}],"line":25}},"s":{"0":2,"1":2,"2":1,"3":4,"4":2,"5":2},"f":{"0":2,"1":1,"2":4},"b":{"0":[2,2]},"_coverageSchema":"1a1c01bbd47fc00a2c39e90264f33305004495a9","hash":"654484fb5d28d17f58cd36c5f66ebcec96e40b5c"}
,"/home/marcos/Desktop/arquitectura-hexagonal/invest-alerts-reactive-frontend/src/components/LanguageSwitcher.tsx": {"path":"/home/marcos/Desktop/arquitectura-hexagonal/invest-alerts-reactive-frontend/src/components/LanguageSwitcher.tsx","statementMap":{"0":{"start":{"line":4,"column":19},"end":{"line":4,"column":35}},"1":{"start":{"line":6,"column":21},"end":{"line":9,"column":3}},"2":{"start":{"line":7,"column":20},"end":{"line":7,"column":56}},"3":{"start":{"line":8,"column":4},"end":{"line":8,"column":33}},"4":{"start":{"line":11,"column":2},"end":{"line":18,"column":4}}},"fnMap":{"0":{"name":"LanguageSwitcher","decl":{"start":{"line":3,"column":24},"end":{"line":3,"column":40}},"loc":{"start":{"line":3,"column":43},"end":{"line":19,"column":1}},"line":3},"1":{"name":"(anonymous_1)","decl":{"start":{"line":6,"column":21},"end":{"line":6,"column":22}},"loc":{"start":{"line":6,"column":27},"end":{"line":9,"column":3}},"line":6}},"branchMap":{"0":{"loc":{"start":{"line":7,"column":20},"end":{"line":7,"column":56}},"type":"cond-expr","locations":[{"start":{"line":7,"column":45},"end":{"line":7,"column":49}},{"start":{"line":7,"column":52},"end":{"line":7,"column":56}}],"line":7},"1":{"loc":{"start":{"line":16,"column":7},"end":{"line":16,"column":73}},"type":"cond-expr","locations":[{"start":{"line":16,"column":32},"end":{"line":16,"column":51}},{"start":{"line":16,"column":54},"end":{"line":16,"column":73}}],"line":16}},"s":{"0":4,"1":4,"2":1,"3":1,"4":4},"f":{"0":4,"1":1},"b":{"0":[1,0],"1":[2,2]},"_coverageSchema":"1a1c01bbd47fc00a2c39e90264f33305004495a9","hash":"23b82b68431f991eb6367dc94f14bb4051417e58"}
,"/home/marcos/Desktop/arquitectura-hexagonal/invest-alerts-reactive-frontend/src/components/PriceViewer.tsx": {"path":"/home/marcos/Desktop/arquitectura-hexagonal/invest-alerts-reactive-frontend/src/components/PriceViewer.tsx","statementMap":{"0":{"start":{"line":9,"column":44},"end":{"line":32,"column":1}},"1":{"start":{"line":10,"column":35},"end":{"line":10,"column":56}},"2":{"start":{"line":11,"column":16},"end":{"line":11,"column":32}},"3":{"start":{"line":13,"column":2},"end":{"line":13,"column":62}},"4":{"start":{"line":13,"column":15},"end":{"line":13,"column":62}},"5":{"start":{"line":14,"column":2},"end":{"line":14,"column":46}},"6":{"start":{"line":14,"column":13},"end":{"line":14,"column":46}},"7":{"start":{"line":15,"column":2},"end":{"line":15,"column":47}},"8":{"start":{"line":15,"column":13},"end":{"line":15,"column":47}},"9":{"start":{"line":17,"column":2},"end":{"line":31,"column":4}}},"fnMap":{"0":{"name":"(anonymous_0)","decl":{"start":{"line":9,"column":44},"end":{"line":9,"column":45}},"loc":{"start":{"line":9,"column":60},"end":{"line":32,"column":1}},"line":9}},"branchMap":{"0":{"loc":{"start":{"line":13,"column":2},"end":{"line":13,"column":62}},"type":"if","locations":[{"start":{"line":13,"column":2},"end":{"line":13,"column":62}},{"start":{},"end":{}}],"line":13},"1":{"loc":{"start":{"line":14,"column":2},"end":{"line":14,"column":46}},"type":"if","locations":[{"start":{"line":14,"column":2},"end":{"line":14,"column":46}},{"start":{},"end":{}}],"line":14},"2":{"loc":{"start":{"line":15,"column":2},"end":{"line":15,"column":47}},"type":"if","locations":[{"start":{"line":15,"column":2},"end":{"line":15,"column":47}},{"start":{},"end":{}}],"line":15},"3":{"loc":{"start":{"line":23,"column":9},"end":{"line":23,"column":89}},"type":"cond-expr","locations":[{"start":{"line":23,"column":42},"end":{"line":23,"column":69}},{"start":{"line":23,"column":72},"end":{"line":23,"column":89}}],"line":23}},"s":{"0":1,"1":5,"2":5,"3":5,"4":1,"5":4,"6":1,"7":3,"8":1,"9":2},"f":{"0":5},"b":{"0":[1,4],"1":[1,3],"2":[1,2],"3":[1,1]},"_coverageSchema":"1a1c01bbd47fc00a2c39e90264f33305004495a9","hash":"ea72e21fd363ec953b7176d5d0982020b2b06f92"}
,"/home/marcos/Desktop/arquitectura-hexagonal/invest-alerts-reactive-frontend/src/hooks/useAssetPrice.ts": {"path":"/home/marcos/Desktop/arquitectura-hexagonal/invest-alerts-reactive-frontend/src/hooks/useAssetPrice.ts","statementMap":{"0":{"start":{"line":11,"column":29},"end":{"line":47,"column":1}},"1":{"start":{"line":12,"column":26},"end":{"line":12,"column":62}},"2":{"start":{"line":13,"column":32},"end":{"line":13,"column":46}},"3":{"start":{"line":14,"column":28},"end":{"line":14,"column":57}},"4":{"start":{"line":16,"column":2},"end":{"line":44,"column":15}},"5":{"start":{"line":17,"column":23},"end":{"line":39,"column":5}},"6":{"start":{"line":18,"column":6},"end":{"line":38,"column":7}},"7":{"start":{"line":19,"column":8},"end":{"line":19,"column":25}},"8":{"start":{"line":20,"column":8},"end":{"line":20,"column":23}},"9":{"start":{"line":22,"column":20},"end":{"line":22,"column":84}},"10":{"start":{"line":23,"column":8},"end":{"line":23,"column":26}},"11":{"start":{"line":25,"column":27},"end":{"line":25,"column":44}},"12":{"start":{"line":26,"column":8},"end":{"line":26,"column":62}},"13":{"start":{"line":28,"column":8},"end":{"line":28,"column":81}},"14":{"start":{"line":31,"column":8},"end":{"line":35,"column":11}},"15":{"start":{"line":37,"column":8},"end":{"line":37,"column":26}},"16":{"start":{"line":41,"column":4},"end":{"line":41,"column":17}},"17":{"start":{"line":42,"column":21},"end":{"line":42,"column":50}},"18":{"start":{"line":43,"column":4},"end":{"line":43,"column":41}},"19":{"start":{"line":43,"column":17},"end":{"line":43,"column":40}},"20":{"start":{"line":46,"column":2},"end":{"line":46,"column":34}}},"fnMap":{"0":{"name":"(anonymous_0)","decl":{"start":{"line":11,"column":29},"end":{"line":11,"column":30}},"loc":{"start":{"line":11,"column":49},"end":{"line":47,"column":1}},"line":11},"1":{"name":"(anonymous_1)","decl":{"start":{"line":16,"column":12},"end":{"line":16,"column":13}},"loc":{"start":{"line":16,"column":18},"end":{"line":44,"column":3}},"line":16},"2":{"name":"(anonymous_2)","decl":{"start":{"line":17,"column":23},"end":{"line":17,"column":24}},"loc":{"start":{"line":17,"column":35},"end":{"line":39,"column":5}},"line":17},"3":{"name":"(anonymous_3)","decl":{"start":{"line":43,"column":11},"end":{"line":43,"column":12}},"loc":{"start":{"line":43,"column":17},"end":{"line":43,"column":40}},"line":43}},"branchMap":{"0":{"loc":{"start":{"line":28,"column":17},"end":{"line":28,"column":79}},"type":"binary-expr","locations":[{"start":{"line":28,"column":17},"end":{"line":28,"column":35}},{"start":{"line":28,"column":39},"end":{"line":28,"column":79}}],"line":28}},"s":{"0":2,"1":4,"2":4,"3":4,"4":4,"5":2,"6":2,"7":2,"8":2,"9":2,"10":1,"11":1,"12":1,"13":1,"14":1,"15":2,"16":2,"17":2,"18":2,"19":2,"20":4},"f":{"0":4,"1":2,"2":2,"3":2},"b":{"0":[1,0]},"_coverageSchema":"1a1c01bbd47fc00a2c39e90264f33305004495a9","hash":"0654c7f6842db31053419026b1bddf74763228c2"}
,"/home/marcos/Desktop/arquitectura-hexagonal/invest-alerts-reactive-frontend/src/pages/ErrorPage.tsx": {"path":"/home/marcos/Desktop/arquitectura-hexagonal/invest-alerts-reactive-frontend/src/pages/ErrorPage.tsx","statementMap":{"0":{"start":{"line":3,"column":18},"end":{"line":10,"column":1}},"1":{"start":{"line":4,"column":2},"end":{"line":9,"column":4}}},"fnMap":{"0":{"name":"(anonymous_0)","decl":{"start":{"line":3,"column":18},"end":{"line":3,"column":19}},"loc":{"start":{"line":3,"column":24},"end":{"line":10,"column":1}},"line":3}},"branchMap":{},"s":{"0":1,"1":1},"f":{"0":1},"b":{},"_coverageSchema":"1a1c01bbd47fc00a2c39e90264f33305004495a9","hash":"6b6848ce12f05f8d314156ac905b7541e10fe821"}
,"/home/marcos/Desktop/arquitectura-hexagonal/invest-alerts-reactive-frontend/src/test/i18nForTests.ts": {"path":"/home/marcos/Desktop/arquitectura-hexagonal/invest-alerts-reactive-frontend/src/test/i18nForTests.ts","statementMap":{"0":{"start":{"line":5,"column":0},"end":{"line":33,"column":3}}},"fnMap":{},"branchMap":{},"s":{"0":2},"f":{},"b":{},"_coverageSchema":"1a1c01bbd47fc00a2c39e90264f33305004495a9","hash":"257d4207d50653cff97af4577bb26355d086f42f"}
}
