TN:
SF:src/components/Button.tsx
FN:7,Button
FNF:1
FNH:1
FNDA:2,Button
DA:7,2
DA:8,2
DA:9,2
DA:10,2
DA:11,2
DA:13,2
DA:14,2
DA:16,2
LF:8
LH:8
BRDA:7,0,0,2
BRF:1
BRH:1
end_of_record
TN:
SF:src/components/ErrorBoundary.tsx
FN:11,<instance_members_initializer>
FN:16,getDerivedStateFromError
FN:20,componentDidCatch
FN:24,render
FNF:4
FNH:4
FNDA:2,<instance_members_initializer>
FNDA:2,getDerivedStateFromError
FNDA:1,componentDidCatch
FNDA:4,render
DA:1,1
DA:11,1
DA:12,2
DA:13,2
DA:14,2
DA:16,2
DA:17,2
DA:18,2
DA:20,2
DA:21,1
DA:22,1
DA:24,2
DA:25,4
DA:26,2
DA:27,2
DA:29,2
DA:30,4
DA:31,2
LF:18
LH:18
BRDA:11,0,0,2
BRDA:16,1,0,2
BRDA:20,2,0,1
BRDA:24,3,0,4
BRDA:25,4,0,2
BRF:5
BRH:5
end_of_record
TN:
SF:src/hooks/useAssetPrice.ts
FN:4,useAssetPrice
FNF:1
FNH:1
FNDA:1,useAssetPrice
DA:1,1
DA:2,1
DA:4,1
DA:5,1
DA:6,1
DA:7,1
DA:9,1
DA:10,1
DA:11,1
DA:12,1
DA:13,1
DA:14,1
DA:16,1
DA:17,1
LF:14
LH:14
BRDA:4,0,0,1
BRDA:9,1,0,1
BRDA:12,2,0,1
BRDA:13,3,0,1
BRF:4
BRH:4
end_of_record
